<?xml version="1.0" encoding="UTF-8"?>
<!-- Generated by org.testng.reporters.JUnitReportReporter -->
<testsuite hostname="Savitesh-PC" name="com.test.testcases.TestCase" tests="2" failures="0" timestamp="3 Aug 2017 07:15:49 GMT" time="77.083" errors="0">
  <testcase name="EnterRegForm" time="0.001" classname="com.test.testcases.TestCase"/>
  <testcase name="CheckBrowserName" time="77.082" classname="com.test.testcases.TestCase"/>
</testsuite> <!-- com.test.testcases.TestCase -->
